FormaIncorporea.dnv
Capasombria.dnv
Celeridad.dnv
CreoIgnem.dnv
Fortaleza.dnv
Potencia.dnv
Petrificarse.dnv
Caldero_sanguineo.dnv
EmbrujarAlma.dnv
Debilidad.dnv
Enfermedad.dnv
Tormento_de_la_Sangre.dnv
Koma.dnv
MascaraDeMuerte.dnv
dominio.dnv
Mesmerismo.dnv
MemoriaDelJuerguista.dnv
Fascinacion.dnv
MiradaAterradora.dnv
Tiempo.dnv
GarrasdelaBestia.dnv
Oleada_Demente.dnv
SilencioMortal.dnv
SentidosAguzados.dnv
VisionDelAlma.dnv
SusurrosAmables.dnv
LlamadaSalvaje.dnv
CancionSerena.dnv
TestigoTinieblas.dnv
Pasion.dnv
$
