../classes/Mago.class
../classes/Clerigo.class
../classes/Ladron.class
../classes/eSCoRia.class
../classes/Assamita.class
../classes/Capadocio.class
../classes/Licantropo.class
../classes/Cruzado.class
../classes/Hada.class
../classes/Malkavian.class
../classes/Nosferatu.class
../classes/Tremere.class
../classes/Baali.class
../classes/Gangrel.class
../classes/Toreador.class
../classes/Ventrue.class
../classes/Brujah.class
../classes/Ravnos.class
../classes/Tzimisce.class
../classes/Setita.class
../classes/Lasombra.class
../classes/Salubri.class
$
