SITE
147.83.61.61~
256 -1 -1 0 0 0
Kayser~
Tue Jan 27 16:15:44 2004~
El Multiplaying no esta permitido
~
SITE
80.39.168.209~
256 -1 -1 0 0 0
SaNgUiNaRi~
Fri Mar  5 21:03:22 2004~
Que se joda por imbecil
~







CLASS
Assamita~
1 -1 -1 0
SiGo~
Sun Jul  8 15:56:50 2001~
~
CLASS
Capadocio~
1 -1 -1 0
SiGo~
Sun Jul  8 15:57:20 2001~
~
CLASS
Malkavian~
1 -1 -1 0
SiGo~
Sun Jul  8 15:57:43 2001~
~
CLASS
Tremere~
1 -1 -1 0
SiGo~
Sun Jul  8 15:57:54 2001~
~
CLASS
Baali~
1 -1 -1 0
SiGo~
Sun Jul  8 15:58:06 2001~
~
CLASS
Nosferatu~
1 -1 -1 0
SiGo~
Sun Jul  8 15:58:19 2001~
~
CLASS
Gangrel~
1 -1 -1 0
SiGo~
Sun Jul  8 15:58:29 2001~
~
CLASS
Toreador~
1 -1 -1 0
SiGo~
Sun Jul  8 15:58:44 2001~
~
END
